<?xml version="1.0" encoding="UTF-8"?>
<!-- Generated by org.testng.reporters.JUnitXMLReporter -->
<testsuite ignored="1" hostname="DESKTOP-T4JK67Q" failures="0" tests="4" name="DFM Test" time="53.236" errors="0" timestamp="2022-12-15T18:07:36 IST">
  <testcase classname="dfm.LoginAdmin_01" name="LoginToAdminAccount" time="5.983"/>
  <testcase classname="dfm.LoginAdmin_01" name="logOut" time="3.79"/>
  <testcase classname="dfm.DeleteCustomer" name="logInToApplciation" time="11.982"/>
  <testcase classname="dfm.DeleteCustomer" name="deleteCustomer" time="25.342"/>
  <testcase classname="com.base.BaseClass" name="@BeforeSuite setUpSuite" time="0.0">
    <ignored/>
  </testcase> <!-- @BeforeSuite setUpSuite -->
</testsuite> <!-- DFM Test -->
