<?xml version="1.0" encoding="UTF-8"?>
<!-- Generated by org.testng.reporters.JUnitXMLReporter -->
<testsuite ignored="0" hostname="DESKTOP-T4JK67Q" failures="0" tests="3" name="Add Branch" time="49.291" errors="0" timestamp="2023-02-23T17:03:19 IST">
  <testcase classname="dfm.CreateBranch" name="loginAction" time="19.522"/>
  <testcase classname="dfm.CreateBranch" name="createBranch" time="22.644"/>
  <testcase classname="dfm.CreateBranch" name="validateBranch" time="5.462"/>
</testsuite> <!-- Add Branch -->
