<?xml version="1.0" encoding="UTF-8"?>
<!-- Generated by org.testng.reporters.JUnitXMLReporter -->
<testsuite ignored="0" hostname="DESKTOP-T4JK67Q" failures="0" tests="3" name="Add Tag" time="44.012" errors="0" timestamp="2023-02-17T18:11:22 IST">
  <testcase classname="dfm.AddTagTest" name="loginToApplication" time="22.093"/>
  <testcase classname="dfm.AddTagTest" name="addTag" time="18.025"/>
  <testcase classname="dfm.AddTagTest" name="validateTag" time="2.414"/>
</testsuite> <!-- Add Tag -->
