<?xml version="1.0" encoding="UTF-8"?>
<!-- Generated by org.testng.reporters.JUnitXMLReporter -->
<testsuite ignored="0" hostname="DESKTOP-T4JK67Q" failures="0" tests="3" name="Add User" time="39.528" errors="0" timestamp="2023-02-17T18:10:00 IST">
  <testcase classname="dfm.AddUserModelerUI01Test" name="loginAction" time="12.46"/>
  <testcase classname="dfm.AddUserModelerUI01Test" name="addUser" time="9.635"/>
  <testcase classname="dfm.AddUserModelerUI01Test" name="validateAddedUser" time="11.239"/>
</testsuite> <!-- Add User -->
