<?xml version="1.0" encoding="UTF-8"?>
<!-- Generated by org.testng.reporters.JUnitXMLReporter -->
<testsuite ignored="0" hostname="DESKTOP-T4JK67Q" failures="0" tests="3" name="Add Tag" time="47.129" errors="0" timestamp="2023-02-27T17:39:15 IST">
  <testcase classname="dfm.AddTagTest" name="loginToApplication" time="22.41"/>
  <testcase classname="dfm.AddTagTest" name="addTag" time="17.421"/>
  <testcase classname="dfm.AddTagTest" name="validateTag" time="2.418"/>
</testsuite> <!-- Add Tag -->
