<?xml version="1.0" encoding="UTF-8"?>
<!-- Generated by org.testng.reporters.JUnitXMLReporter -->
<testsuite ignored="0" hostname="DESKTOP-T4JK67Q" failures="0" tests="3" name="Add User" time="38.152" errors="0" timestamp="2023-02-28T16:54:38 IST">
  <testcase classname="dfm.AddUserModelerUI01Test" name="loginAction" time="13.483"/>
  <testcase classname="dfm.AddUserModelerUI01Test" name="addUser" time="9.583"/>
  <testcase classname="dfm.AddUserModelerUI01Test" name="validateAddedUser" time="10.667"/>
</testsuite> <!-- Add User -->
