<?xml version="1.0" encoding="UTF-8"?>
<!-- Generated by org.testng.reporters.JUnitXMLReporter -->
<testsuite ignored="0" hostname="DESKTOP-T4JK67Q" failures="0" tests="3" name="Create Branch" time="64.532" errors="0" timestamp="2023-02-27T17:38:28 IST">
  <testcase classname="dfm.CreateBranch" name="loginAction" time="28.833"/>
  <testcase classname="dfm.CreateBranch" name="createBranch" time="24.854"/>
  <testcase classname="dfm.CreateBranch" name="validateBranch" time="9.993"/>
</testsuite> <!-- Create Branch -->
