<?xml version="1.0" encoding="UTF-8"?>
<!-- Generated by org.testng.reporters.JUnitXMLReporter -->
<testsuite ignored="0" hostname="DESKTOP-T4JK67Q" failures="0" tests="3" name="Create Branch" time="47.708" errors="0" timestamp="2023-02-28T16:56:03 IST">
  <testcase classname="dfm.CreateBranch" name="loginAction" time="12.192"/>
  <testcase classname="dfm.CreateBranch" name="createBranch" time="24.176"/>
  <testcase classname="dfm.CreateBranch" name="validateBranch" time="9.77"/>
</testsuite> <!-- Create Branch -->
