<?xml version="1.0" encoding="UTF-8"?>
<!-- Generated by org.testng.reporters.JUnitXMLReporter -->
<testsuite ignored="0" hostname="DESKTOP-T4JK67Q" failures="0" tests="3" name="Delete Diagram From Canvas" time="50.777" errors="0" timestamp="2023-02-27T17:42:13 IST">
  <testcase classname="dfm.DeleteObjects" name="loginToApplication" time="17.892"/>
  <testcase classname="dfm.DeleteObjects" name="validateDiagram" time="13.493"/>
  <testcase classname="dfm.DeleteObjects" name="deleteDiagram" time="14.622"/>
</testsuite> <!-- Delete Diagram From Canvas -->
