<?xml version="1.0" encoding="UTF-8"?>
<!-- Generated by org.testng.reporters.JUnitXMLReporter -->
<testsuite ignored="0" hostname="DESKTOP-T4JK67Q" failures="0" tests="3" name="Delete Diagram From Canvas" time="50.986" errors="0" timestamp="2023-02-28T16:59:30 IST">
  <testcase classname="dfm.DeleteObjects" name="loginToApplication" time="18.658"/>
  <testcase classname="dfm.DeleteObjects" name="validateDiagram" time="13.492"/>
  <testcase classname="dfm.DeleteObjects" name="deleteDiagram" time="14.494"/>
</testsuite> <!-- Delete Diagram From Canvas -->
