<?xml version="1.0" encoding="UTF-8"?>
<!-- Generated by org.testng.reporters.JUnitXMLReporter -->
<testsuite ignored="0" hostname="DESKTOP-T4JK67Q" failures="0" tests="3" name="Delete Tag" time="41.652" errors="0" timestamp="2023-02-28T17:02:13 IST">
  <testcase classname="dfm.DeleteTag" name="loginToApplication" time="27.11"/>
  <testcase classname="dfm.DeleteTag" name="deleteTag" time="2.314"/>
  <testcase classname="dfm.DeleteTag" name="validateDeleteTag" time="7.608"/>
</testsuite> <!-- Delete Tag -->
