<?xml version="1.0" encoding="UTF-8"?>
<!-- Generated by org.testng.reporters.JUnitXMLReporter -->
<testsuite ignored="0" hostname="DESKTOP-T4JK67Q" failures="0" tests="3" name="Delete Branch" time="45.828" errors="0" timestamp="2023-02-23T17:04:05 IST">
  <testcase classname="dfm.DeleteBranch" name="loginAction" time="19.166"/>
  <testcase classname="dfm.DeleteBranch" name="deleteBranch" time="23.59"/>
  <testcase classname="dfm.DeleteBranch" name="validateBranch" time="2.293"/>
</testsuite> <!-- Delete Branch -->
