<?xml version="1.0" encoding="UTF-8"?>
<!-- Generated by org.testng.reporters.JUnitXMLReporter -->
<testsuite ignored="0" hostname="DESKTOP-T4JK67Q" failures="0" tests="3" name="Delete Branch" time="50.667" errors="0" timestamp="2023-02-28T17:03:04 IST">
  <testcase classname="dfm.DeleteBranch" name="loginAction" time="23.322"/>
  <testcase classname="dfm.DeleteBranch" name="deleteBranch" time="23.618"/>
  <testcase classname="dfm.DeleteBranch" name="validateBranch" time="2.205"/>
</testsuite> <!-- Delete Branch -->
