<?xml version="1.0" encoding="UTF-8"?>
<!-- Generated by org.testng.reporters.JUnitXMLReporter -->
<testsuite ignored="0" hostname="DESKTOP-T4JK67Q" failures="0" tests="2" name="Delete Objects" time="72.437" errors="0" timestamp="2023-02-28T17:00:42 IST">
  <testcase classname="dfm.DeleteObjectsAndDiagramUsingSearch" name="loginToApplication" time="15.209"/>
  <testcase classname="dfm.DeleteObjectsAndDiagramUsingSearch" name="printListOfElements" time="52.827"/>
</testsuite> <!-- Delete Objects -->
