<?xml version="1.0" encoding="UTF-8"?>
<!-- Generated by org.testng.reporters.JUnitXMLReporter -->
<testsuite ignored="0" hostname="DESKTOP-T4JK67Q" failures="0" tests="3" name="Delete Diagram" time="49.264" errors="0" timestamp="2023-02-28T17:01:32 IST">
  <testcase classname="dfm.DeleteDiagram" name="loginToApplication" time="15.372"/>
  <testcase classname="dfm.DeleteDiagram" name="deleteDiagram" time="18.985"/>
  <testcase classname="dfm.DeleteDiagram" name="validateDiagram" time="10.226"/>
</testsuite> <!-- Delete Diagram -->
