<?xml version="1.0" encoding="UTF-8"?>
<!-- Generated by org.testng.reporters.JUnitXMLReporter -->
<testsuite ignored="0" hostname="DESKTOP-T4JK67Q" failures="0" tests="3" name="Delete User" time="60.876" errors="0" timestamp="2023-02-27T17:46:38 IST">
  <testcase classname="dfm.DeleteUserModelerUI" name="loginAction" time="27.903"/>
  <testcase classname="dfm.DeleteUserModelerUI" name="navigateUserSection" time="7.185"/>
  <testcase classname="dfm.DeleteUserModelerUI" name="deleteUserAndValidate" time="20.817"/>
</testsuite> <!-- Delete User -->
