<?xml version="1.0" encoding="UTF-8"?>
<!-- Generated by org.testng.reporters.JUnitXMLReporter -->
<testsuite ignored="0" hostname="DESKTOP-T4JK67Q" failures="0" tests="3" name="Delete Diagram" time="33.744" errors="0" timestamp="2023-02-17T15:51:06 IST">
  <testcase classname="dfm.DeleteDiagram" name="loginToApplication" time="14.669"/>
  <testcase classname="dfm.DeleteDiagram" name="deleteDiagram" time="8.152"/>
  <testcase classname="dfm.DeleteDiagram" name="validateDiagram" time="10.187"/>
</testsuite> <!-- Delete Diagram -->
