<?xml version="1.0" encoding="UTF-8"?>
<!-- Generated by org.testng.reporters.JUnitXMLReporter -->
<testsuite ignored="0" hostname="DESKTOP-T4JK67Q" failures="0" tests="3" name="Default test" time="66.03" errors="0" timestamp="2023-02-15T12:40:13 IST">
  <testcase classname="dfm.MovePojectTest" name="loginAction" time="20.087"/>
  <testcase classname="dfm.MovePojectTest" name="moveToProject" time="32.467"/>
  <testcase classname="dfm.MovePojectTest" name="validateMoveProject" time="10.434"/>
</testsuite> <!-- Default test -->
