<?xml version="1.0" encoding="UTF-8"?>
<!-- Generated by org.testng.reporters.JUnitXMLReporter -->
<testsuite ignored="0" hostname="DESKTOP-T4JK67Q" failures="0" tests="3" name="Default test" time="102.131" errors="0" timestamp="2023-01-03T19:13:51 IST">
  <testcase classname="dfm.InputDataTest" name="enterInputData" time="79.935"/>
  <testcase classname="dfm.InputDataTest" name="verifyInputData" time="14.096"/>
  <testcase classname="dfm.InputDataTest" name="validateInputData" time="5.735"/>
</testsuite> <!-- Default test -->
