<?xml version="1.0" encoding="UTF-8"?>
<!-- Generated by org.testng.reporters.JUnitXMLReporter -->
<testsuite ignored="0" hostname="DESKTOP-T4JK67Q" failures="0" tests="5" name="Test" time="137.895" errors="0" timestamp="2023-01-27T18:16:37 IST">
  <testcase classname="dfm.MultiUserDeleteTag02" name="loginToApplication" time="16.532"/>
  <testcase classname="dfm.MultiUserDeleteTag01" name="loginToApplication" time="31.796"/>
  <testcase classname="dfm.MultiUserDeleteTag02" name="addTag" time="14.189"/>
  <testcase classname="dfm.MultiUserDeleteTag01" name="addTag" time="15.846"/>
  <testcase classname="dfm.MultiUserDeleteTag02" name="validateTag" time="54.682"/>
</testsuite> <!-- Test -->
