<?xml version="1.0" encoding="UTF-8"?>
<!-- Generated by org.testng.reporters.JUnitXMLReporter -->
<testsuite ignored="0" hostname="DESKTOP-T4JK67Q" failures="0" tests="5" name="Test" time="102.563" errors="0" timestamp="2023-01-25T18:26:29 IST">
  <testcase classname="dfm.MultiuserWithProject02" name="loginAction" time="24.446"/>
  <testcase classname="dfm.MultiuserWithProject01" name="loginAction" time="21.671"/>
  <testcase classname="dfm.MultiuserWithProject02" name="addProject" time="7.072"/>
  <testcase classname="dfm.MultiuserWithProject01" name="addProject" time="15.465"/>
  <testcase classname="dfm.MultiuserWithProject02" name="validateTag" time="27.553"/>
</testsuite> <!-- Test -->
