<?xml version="1.0" encoding="UTF-8"?>
<testng-results ignored="0" total="5" passed="5" failed="0" skipped="0">
  <reporter-output>
  </reporter-output>
  <suite started-at="2023-01-25T18:24:46 IST" name="Suite" finished-at="2023-01-25T18:26:29 IST" duration-ms="102563">
    <groups>
    </groups>
    <test started-at="2023-01-25T18:24:46 IST" name="Test" finished-at="2023-01-25T18:26:29 IST" duration-ms="102563">
      <class name="dfm.MultiuserWithProject02">
        <test-method is-config="true" signature="setUp()[pri:0, instance:dfm.MultiuserWithProject02@5824a83d]" started-at="2023-01-25T18:24:46 IST" name="setUp" finished-at="2023-01-25T18:24:50 IST" duration-ms="3764" status="PASS">
          <reporter-output>
          </reporter-output>
        </test-method> <!-- setUp -->
        <test-method signature="loginAction()[pri:1, instance:dfm.MultiuserWithProject02@5824a83d]" started-at="2023-01-25T18:24:50 IST" name="loginAction" finished-at="2023-01-25T18:25:14 IST" duration-ms="24446" status="PASS">
          <reporter-output>
          </reporter-output>
        </test-method> <!-- loginAction -->
        <test-method signature="addProject()[pri:2, instance:dfm.MultiuserWithProject02@5824a83d]" started-at="2023-01-25T18:25:38 IST" name="addProject" finished-at="2023-01-25T18:25:46 IST" duration-ms="7072" status="PASS">
          <reporter-output>
          </reporter-output>
        </test-method> <!-- addProject -->
        <test-method signature="validateTag()[pri:3, instance:dfm.MultiuserWithProject02@5824a83d]" started-at="2023-01-25T18:26:01 IST" name="validateTag" finished-at="2023-01-25T18:26:29 IST" duration-ms="27553" status="PASS">
          <reporter-output>
          </reporter-output>
        </test-method> <!-- validateTag -->
        <test-method is-config="true" signature="tearDown()[pri:0, instance:dfm.MultiuserWithProject02@5824a83d]" started-at="2023-01-25T18:26:29 IST" name="tearDown" finished-at="2023-01-25T18:26:29 IST" duration-ms="0" status="PASS">
          <reporter-output>
          </reporter-output>
        </test-method> <!-- tearDown -->
      </class> <!-- dfm.MultiuserWithProject02 -->
      <class name="dfm.MultiuserWithProject01">
        <test-method is-config="true" signature="setUp()[pri:0, instance:dfm.MultiuserWithProject01@791f145a]" started-at="2023-01-25T18:25:14 IST" name="setUp" finished-at="2023-01-25T18:25:17 IST" duration-ms="2527" status="PASS">
          <reporter-output>
          </reporter-output>
        </test-method> <!-- setUp -->
        <test-method signature="loginAction()[pri:1, instance:dfm.MultiuserWithProject01@791f145a]" started-at="2023-01-25T18:25:17 IST" name="loginAction" finished-at="2023-01-25T18:25:38 IST" duration-ms="21671" status="PASS">
          <reporter-output>
          </reporter-output>
        </test-method> <!-- loginAction -->
        <test-method signature="addProject()[pri:2, instance:dfm.MultiuserWithProject01@791f145a]" started-at="2023-01-25T18:25:46 IST" name="addProject" finished-at="2023-01-25T18:26:01 IST" duration-ms="15465" status="PASS">
          <reporter-output>
          </reporter-output>
        </test-method> <!-- addProject -->
        <test-method is-config="true" signature="tearDown()[pri:0, instance:dfm.MultiuserWithProject01@791f145a]" started-at="2023-01-25T18:26:01 IST" name="tearDown" finished-at="2023-01-25T18:26:01 IST" duration-ms="0" status="PASS">
          <reporter-output>
          </reporter-output>
        </test-method> <!-- tearDown -->
      </class> <!-- dfm.MultiuserWithProject01 -->
    </test> <!-- Test -->
  </suite> <!-- Suite -->
</testng-results>
